{"total": {"lines":{"total":10562,"covered":275,"skipped":0,"pct":2.6},"statements":{"total":10562,"covered":275,"skipped":0,"pct":2.6},"functions":{"total":74,"covered":10,"skipped":0,"pct":13.51},"branches":{"total":94,"covered":45,"skipped":0,"pct":47.87},"branchesTrue":{"total":0,"covered":0,"skipped":0,"pct":100}}
,"/Users/mlucas/MassChange/mango-ui/src/config.ts": {"lines":{"total":21,"covered":0,"skipped":0,"pct":0},"functions":{"total":1,"covered":0,"skipped":0,"pct":0},"statements":{"total":21,"covered":0,"skipped":0,"pct":0},"branches":{"total":1,"covered":0,"skipped":0,"pct":0}}
,"/Users/mlucas/MassChange/mango-ui/src/error-page.tsx": {"lines":{"total":28,"covered":0,"skipped":0,"pct":0},"functions":{"total":1,"covered":0,"skipped":0,"pct":0},"statements":{"total":28,"covered":0,"skipped":0,"pct":0},"branches":{"total":1,"covered":0,"skipped":0,"pct":0}}
,"/Users/mlucas/MassChange/mango-ui/src/components/app/ProductPreviewModal.tsx": {"lines":{"total":262,"covered":0,"skipped":0,"pct":0},"functions":{"total":1,"covered":0,"skipped":0,"pct":0},"statements":{"total":262,"covered":0,"skipped":0,"pct":0},"branches":{"total":1,"covered":0,"skipped":0,"pct":0}}
,"/Users/mlucas/MassChange/mango-ui/src/components/app/ProductTable.tsx": {"lines":{"total":146,"covered":0,"skipped":0,"pct":0},"functions":{"total":1,"covered":0,"skipped":0,"pct":0},"statements":{"total":146,"covered":0,"skipped":0,"pct":0},"branches":{"total":1,"covered":0,"skipped":0,"pct":0}}
,"/Users/mlucas/MassChange/mango-ui/src/components/app/SaveViewModal.tsx": {"lines":{"total":103,"covered":0,"skipped":0,"pct":0},"functions":{"total":1,"covered":0,"skipped":0,"pct":0},"statements":{"total":103,"covered":0,"skipped":0,"pct":0},"branches":{"total":1,"covered":0,"skipped":0,"pct":0}}
,"/Users/mlucas/MassChange/mango-ui/src/components/app/Sidebar/Sidebar.tsx": {"lines":{"total":219,"covered":0,"skipped":0,"pct":0},"functions":{"total":1,"covered":0,"skipped":0,"pct":0},"statements":{"total":219,"covered":0,"skipped":0,"pct":0},"branches":{"total":1,"covered":0,"skipped":0,"pct":0}}
,"/Users/mlucas/MassChange/mango-ui/src/components/app/Sidebar/SidebarContainer.tsx": {"lines":{"total":31,"covered":0,"skipped":0,"pct":0},"functions":{"total":1,"covered":0,"skipped":0,"pct":0},"statements":{"total":31,"covered":0,"skipped":0,"pct":0},"branches":{"total":1,"covered":0,"skipped":0,"pct":0}}
,"/Users/mlucas/MassChange/mango-ui/src/components/app/Sidebar/SidebarGroup.tsx": {"lines":{"total":32,"covered":0,"skipped":0,"pct":0},"functions":{"total":1,"covered":0,"skipped":0,"pct":0},"statements":{"total":32,"covered":0,"skipped":0,"pct":0},"branches":{"total":1,"covered":0,"skipped":0,"pct":0}}
,"/Users/mlucas/MassChange/mango-ui/src/components/app/Sidebar/SidebarLink.tsx": {"lines":{"total":36,"covered":0,"skipped":0,"pct":0},"functions":{"total":1,"covered":0,"skipped":0,"pct":0},"statements":{"total":36,"covered":0,"skipped":0,"pct":0},"branches":{"total":1,"covered":0,"skipped":0,"pct":0}}
,"/Users/mlucas/MassChange/mango-ui/src/components/entities/chart/Chart.tsx": {"lines":{"total":1729,"covered":0,"skipped":0,"pct":0},"functions":{"total":1,"covered":0,"skipped":0,"pct":0},"statements":{"total":1729,"covered":0,"skipped":0,"pct":0},"branches":{"total":1,"covered":0,"skipped":0,"pct":0}}
,"/Users/mlucas/MassChange/mango-ui/src/components/entities/chart/ChartTooltip.tsx": {"lines":{"total":126,"covered":0,"skipped":0,"pct":0},"functions":{"total":1,"covered":0,"skipped":0,"pct":0},"statements":{"total":126,"covered":0,"skipped":0,"pct":0},"branches":{"total":1,"covered":0,"skipped":0,"pct":0}}
,"/Users/mlucas/MassChange/mango-ui/src/components/entities/table/CustomFilter.tsx": {"lines":{"total":27,"covered":0,"skipped":0,"pct":0},"functions":{"total":1,"covered":0,"skipped":0,"pct":0},"statements":{"total":27,"covered":0,"skipped":0,"pct":0},"branches":{"total":1,"covered":0,"skipped":0,"pct":0}}
,"/Users/mlucas/MassChange/mango-ui/src/components/entities/table/Table.tsx": {"lines":{"total":848,"covered":0,"skipped":0,"pct":0},"functions":{"total":1,"covered":0,"skipped":0,"pct":0},"statements":{"total":848,"covered":0,"skipped":0,"pct":0},"branches":{"total":1,"covered":0,"skipped":0,"pct":0}}
,"/Users/mlucas/MassChange/mango-ui/src/components/entities/text/Text.tsx": {"lines":{"total":19,"covered":0,"skipped":0,"pct":0},"functions":{"total":1,"covered":0,"skipped":0,"pct":0},"statements":{"total":19,"covered":0,"skipped":0,"pct":0},"branches":{"total":1,"covered":0,"skipped":0,"pct":0}}
,"/Users/mlucas/MassChange/mango-ui/src/components/entities/timeline/Timeline.tsx": {"lines":{"total":107,"covered":0,"skipped":0,"pct":0},"functions":{"total":1,"covered":0,"skipped":0,"pct":0},"statements":{"total":107,"covered":0,"skipped":0,"pct":0},"branches":{"total":1,"covered":0,"skipped":0,"pct":0}}
,"/Users/mlucas/MassChange/mango-ui/src/components/entities/timeline-row/TimelineRow.tsx": {"lines":{"total":157,"covered":0,"skipped":0,"pct":0},"functions":{"total":1,"covered":0,"skipped":0,"pct":0},"statements":{"total":157,"covered":0,"skipped":0,"pct":0},"branches":{"total":1,"covered":0,"skipped":0,"pct":0}}
,"/Users/mlucas/MassChange/mango-ui/src/components/mission/GRACE/DownlinkDashboard.tsx": {"lines":{"total":949,"covered":0,"skipped":0,"pct":0},"functions":{"total":1,"covered":0,"skipped":0,"pct":0},"statements":{"total":949,"covered":0,"skipped":0,"pct":0},"branches":{"total":1,"covered":0,"skipped":0,"pct":0}}
,"/Users/mlucas/MassChange/mango-ui/src/components/page/CustomGridItem.tsx": {"lines":{"total":35,"covered":0,"skipped":0,"pct":0},"functions":{"total":1,"covered":0,"skipped":0,"pct":0},"statements":{"total":35,"covered":0,"skipped":0,"pct":0},"branches":{"total":1,"covered":0,"skipped":0,"pct":0}}
,"/Users/mlucas/MassChange/mango-ui/src/components/page/Entity.tsx": {"lines":{"total":159,"covered":0,"skipped":0,"pct":0},"functions":{"total":1,"covered":0,"skipped":0,"pct":0},"statements":{"total":159,"covered":0,"skipped":0,"pct":0},"branches":{"total":1,"covered":0,"skipped":0,"pct":0}}
,"/Users/mlucas/MassChange/mango-ui/src/components/page/EntityHeader.tsx": {"lines":{"total":51,"covered":0,"skipped":0,"pct":0},"functions":{"total":1,"covered":0,"skipped":0,"pct":0},"statements":{"total":51,"covered":0,"skipped":0,"pct":0},"branches":{"total":1,"covered":0,"skipped":0,"pct":0}}
,"/Users/mlucas/MassChange/mango-ui/src/components/page/Section.tsx": {"lines":{"total":285,"covered":0,"skipped":0,"pct":0},"functions":{"total":1,"covered":0,"skipped":0,"pct":0},"statements":{"total":285,"covered":0,"skipped":0,"pct":0},"branches":{"total":1,"covered":0,"skipped":0,"pct":0}}
,"/Users/mlucas/MassChange/mango-ui/src/components/page/ViewPage.tsx": {"lines":{"total":485,"covered":0,"skipped":0,"pct":0},"functions":{"total":1,"covered":0,"skipped":0,"pct":0},"statements":{"total":485,"covered":0,"skipped":0,"pct":0},"branches":{"total":1,"covered":0,"skipped":0,"pct":0}}
,"/Users/mlucas/MassChange/mango-ui/src/components/ui/AlertDialogProvider.tsx": {"lines":{"total":237,"covered":0,"skipped":0,"pct":0},"functions":{"total":1,"covered":0,"skipped":0,"pct":0},"statements":{"total":237,"covered":0,"skipped":0,"pct":0},"branches":{"total":1,"covered":0,"skipped":0,"pct":0}}
,"/Users/mlucas/MassChange/mango-ui/src/components/ui/DateRangePicker.tsx": {"lines":{"total":224,"covered":0,"skipped":0,"pct":0},"functions":{"total":1,"covered":0,"skipped":0,"pct":0},"statements":{"total":224,"covered":0,"skipped":0,"pct":0},"branches":{"total":1,"covered":0,"skipped":0,"pct":0}}
,"/Users/mlucas/MassChange/mango-ui/src/components/ui/EntityEditor.tsx": {"lines":{"total":1051,"covered":0,"skipped":0,"pct":0},"functions":{"total":1,"covered":0,"skipped":0,"pct":0},"statements":{"total":1051,"covered":0,"skipped":0,"pct":0},"branches":{"total":1,"covered":0,"skipped":0,"pct":0}}
,"/Users/mlucas/MassChange/mango-ui/src/components/ui/InputForm.tsx": {"lines":{"total":89,"covered":0,"skipped":0,"pct":0},"functions":{"total":1,"covered":0,"skipped":0,"pct":0},"statements":{"total":89,"covered":0,"skipped":0,"pct":0},"branches":{"total":1,"covered":0,"skipped":0,"pct":0}}
,"/Users/mlucas/MassChange/mango-ui/src/components/ui/Page.tsx": {"lines":{"total":34,"covered":0,"skipped":0,"pct":0},"functions":{"total":1,"covered":0,"skipped":0,"pct":0},"statements":{"total":34,"covered":0,"skipped":0,"pct":0},"branches":{"total":1,"covered":0,"skipped":0,"pct":0}}
,"/Users/mlucas/MassChange/mango-ui/src/components/ui/PageHeader.tsx": {"lines":{"total":17,"covered":0,"skipped":0,"pct":0},"functions":{"total":1,"covered":0,"skipped":0,"pct":0},"statements":{"total":17,"covered":0,"skipped":0,"pct":0},"branches":{"total":1,"covered":0,"skipped":0,"pct":0}}
,"/Users/mlucas/MassChange/mango-ui/src/components/ui/ProductSelector.tsx": {"lines":{"total":463,"covered":0,"skipped":0,"pct":0},"functions":{"total":1,"covered":0,"skipped":0,"pct":0},"statements":{"total":463,"covered":0,"skipped":0,"pct":0},"branches":{"total":1,"covered":0,"skipped":0,"pct":0}}
,"/Users/mlucas/MassChange/mango-ui/src/components/ui/ProductsSelector.tsx": {"lines":{"total":141,"covered":0,"skipped":0,"pct":0},"functions":{"total":1,"covered":0,"skipped":0,"pct":0},"statements":{"total":141,"covered":0,"skipped":0,"pct":0},"branches":{"total":1,"covered":0,"skipped":0,"pct":0}}
,"/Users/mlucas/MassChange/mango-ui/src/components/ui/StatusBadge.tsx": {"lines":{"total":26,"covered":0,"skipped":0,"pct":0},"functions":{"total":1,"covered":0,"skipped":0,"pct":0},"statements":{"total":26,"covered":0,"skipped":0,"pct":0},"branches":{"total":1,"covered":0,"skipped":0,"pct":0}}
,"/Users/mlucas/MassChange/mango-ui/src/components/ui/Tabs.tsx": {"lines":{"total":27,"covered":0,"skipped":0,"pct":0},"functions":{"total":1,"covered":0,"skipped":0,"pct":0},"statements":{"total":27,"covered":0,"skipped":0,"pct":0},"branches":{"total":1,"covered":0,"skipped":0,"pct":0}}
,"/Users/mlucas/MassChange/mango-ui/src/components/ui/Tooltip.tsx": {"lines":{"total":31,"covered":0,"skipped":0,"pct":0},"functions":{"total":1,"covered":0,"skipped":0,"pct":0},"statements":{"total":31,"covered":0,"skipped":0,"pct":0},"branches":{"total":1,"covered":0,"skipped":0,"pct":0}}
,"/Users/mlucas/MassChange/mango-ui/src/components/ui/DataGrid/DataGrid.tsx": {"lines":{"total":436,"covered":0,"skipped":0,"pct":0},"functions":{"total":1,"covered":0,"skipped":0,"pct":0},"statements":{"total":436,"covered":0,"skipped":0,"pct":0},"branches":{"total":1,"covered":0,"skipped":0,"pct":0}}
,"/Users/mlucas/MassChange/mango-ui/src/hooks/resizeObserver.tsx": {"lines":{"total":28,"covered":0,"skipped":0,"pct":0},"functions":{"total":1,"covered":0,"skipped":0,"pct":0},"statements":{"total":28,"covered":0,"skipped":0,"pct":0},"branches":{"total":1,"covered":0,"skipped":0,"pct":0}}
,"/Users/mlucas/MassChange/mango-ui/src/routes/HomePage.tsx": {"lines":{"total":189,"covered":0,"skipped":0,"pct":0},"functions":{"total":1,"covered":0,"skipped":0,"pct":0},"statements":{"total":189,"covered":0,"skipped":0,"pct":0},"branches":{"total":1,"covered":0,"skipped":0,"pct":0}}
,"/Users/mlucas/MassChange/mango-ui/src/routes/ManagementPage.tsx": {"lines":{"total":661,"covered":0,"skipped":0,"pct":0},"functions":{"total":1,"covered":0,"skipped":0,"pct":0},"statements":{"total":661,"covered":0,"skipped":0,"pct":0},"branches":{"total":1,"covered":0,"skipped":0,"pct":0}}
,"/Users/mlucas/MassChange/mango-ui/src/routes/ProductsPage.tsx": {"lines":{"total":31,"covered":0,"skipped":0,"pct":0},"functions":{"total":1,"covered":0,"skipped":0,"pct":0},"statements":{"total":31,"covered":0,"skipped":0,"pct":0},"branches":{"total":1,"covered":0,"skipped":0,"pct":0}}
,"/Users/mlucas/MassChange/mango-ui/src/routes/RootPage.tsx": {"lines":{"total":115,"covered":0,"skipped":0,"pct":0},"functions":{"total":1,"covered":0,"skipped":0,"pct":0},"statements":{"total":115,"covered":0,"skipped":0,"pct":0},"branches":{"total":1,"covered":0,"skipped":0,"pct":0}}
,"/Users/mlucas/MassChange/mango-ui/src/routes/SandboxPage.tsx": {"lines":{"total":9,"covered":0,"skipped":0,"pct":0},"functions":{"total":1,"covered":0,"skipped":0,"pct":0},"statements":{"total":9,"covered":0,"skipped":0,"pct":0},"branches":{"total":1,"covered":0,"skipped":0,"pct":0}}
,"/Users/mlucas/MassChange/mango-ui/src/routes/ViewPage.tsx": {"lines":{"total":76,"covered":0,"skipped":0,"pct":0},"functions":{"total":1,"covered":0,"skipped":0,"pct":0},"statements":{"total":76,"covered":0,"skipped":0,"pct":0},"branches":{"total":1,"covered":0,"skipped":0,"pct":0}}
,"/Users/mlucas/MassChange/mango-ui/src/utilities/api.ts": {"lines":{"total":172,"covered":0,"skipped":0,"pct":0},"functions":{"total":1,"covered":0,"skipped":0,"pct":0},"statements":{"total":172,"covered":0,"skipped":0,"pct":0},"branches":{"total":1,"covered":0,"skipped":0,"pct":0}}
,"/Users/mlucas/MassChange/mango-ui/src/utilities/generic.ts": {"lines":{"total":171,"covered":48,"skipped":0,"pct":28.07},"functions":{"total":8,"covered":4,"skipped":0,"pct":50},"statements":{"total":171,"covered":48,"skipped":0,"pct":28.07},"branches":{"total":7,"covered":6,"skipped":0,"pct":85.71}}
,"/Users/mlucas/MassChange/mango-ui/src/utilities/product.ts": {"lines":{"total":122,"covered":32,"skipped":0,"pct":26.22},"functions":{"total":4,"covered":2,"skipped":0,"pct":50},"statements":{"total":122,"covered":32,"skipped":0,"pct":26.22},"branches":{"total":5,"covered":5,"skipped":0,"pct":100}}
,"/Users/mlucas/MassChange/mango-ui/src/utilities/time.ts": {"lines":{"total":39,"covered":0,"skipped":0,"pct":0},"functions":{"total":1,"covered":0,"skipped":0,"pct":0},"statements":{"total":39,"covered":0,"skipped":0,"pct":0},"branches":{"total":1,"covered":0,"skipped":0,"pct":0}}
,"/Users/mlucas/MassChange/mango-ui/src/utilities/view.ts": {"lines":{"total":318,"covered":195,"skipped":0,"pct":61.32},"functions":{"total":19,"covered":4,"skipped":0,"pct":21.05},"statements":{"total":318,"covered":195,"skipped":0,"pct":61.32},"branches":{"total":39,"covered":34,"skipped":0,"pct":87.17}}
}
